#
# There is insufficient memory for the Java Runtime Environment to continue.
# Native memory allocation (mmap) failed to map 4128768 bytes. Error detail: G1 virtual space
# Possible reasons:
#   The system is out of physical RAM or swap space
#   This process is running with CompressedOops enabled, and the Java Heap may be blocking the growth of the native heap
# Possible solutions:
#   Reduce memory load on the system
#   Increase physical memory or swap space
#   Check if swap backing store is full
#   Decrease Java heap size (-Xmx/-Xms)
#   Decrease number of Java threads
#   Decrease Java thread stack sizes (-Xss)
#   Set larger code cache with -XX:ReservedCodeCacheSize=
#   JVM is running with Zero Based Compressed Oops mode in which the Java heap is
#     placed in the first 32GB address space. The Java Heap base address is the
#     maximum limit for the native heap growth. Please use -XX:HeapBaseMinAddress
#     to set the Java Heap base and to place the Java Heap above 32GB virtual address.
# This output file may be truncated or incomplete.
#
#  Out of Memory Error (os_windows.cpp:3618), pid=31536, tid=28092
#
# JRE version:  (17.0.14+7) (build )
# Java VM: OpenJDK 64-Bit Server VM (17.0.14+7-LTS, mixed mode, emulated-client, sharing, tiered, compressed oops, compressed class ptrs, g1 gc, windows-amd64)
# No core dump will be written. Minidumps are not enabled by default on client versions of Windows
#

---------------  S U M M A R Y ------------

Command Line: -XX:TieredStopAtLevel=1 -Dspring.output.ansi.enabled=always -Dcom.sun.management.jmxremote -Dspring.jmx.enabled=true -Dspring.liveBeansView.mbeanDomain -Dspring.application.admin.enabled=true -Dmanagement.endpoints.jmx.exposure.include=* -javaagent:C:\Program Files\JetBrains\IntelliJ IDEA 2024.3.3\lib\idea_rt.jar=55968:C:\Program Files\JetBrains\IntelliJ IDEA 2024.3.3\bin -Dfile.encoding=UTF-8 com.example.loyaltyservice.LoyaltyServiceApplication

Host: 11th Gen Intel(R) Core(TM) i7-1185G7 @ 3.00GHz, 8 cores, 15G,  Windows 11 , 64 bit Build 26100 (10.0.26100.8521)
Time: Fri Jun 19 06:40:07 2026 SE Asia Standard Time elapsed time: 1.852100 seconds (0d 0h 0m 1s)

---------------  T H R E A D  ---------------

Current thread (0x000001e29128e5c0):  JavaThread "Unknown thread" [_thread_in_vm, id=28092, stack(0x0000004d78500000,0x0000004d78600000)]

Stack: [0x0000004d78500000,0x0000004d78600000]
Native frames: (J=compiled Java code, j=interpreted, Vv=VM code, C=native code)
V  [jvm.dll+0x681069]
V  [jvm.dll+0x838cca]
V  [jvm.dll+0x83a78e]
V  [jvm.dll+0x83adf3]
V  [jvm.dll+0x24826f]
V  [jvm.dll+0x67dd99]
V  [jvm.dll+0x67286a]
V  [jvm.dll+0x30826b]
V  [jvm.dll+0x30f756]
V  [jvm.dll+0x35faf8]
V  [jvm.dll+0x35fd0f]
V  [jvm.dll+0x2df21c]
V  [jvm.dll+0x2e0174]
V  [jvm.dll+0x80a48b]
V  [jvm.dll+0x36d841]
V  [jvm.dll+0x7e8db5]
V  [jvm.dll+0x3f154f]
V  [jvm.dll+0x3f30c1]
C  [jli.dll+0x52ab]
C  [ucrtbase.dll+0x2cd30]
C  [KERNEL32.DLL+0x2e957]
C  [ntdll.dll+0x87c1c]


---------------  P R O C E S S  ---------------

Threads class SMR info:
_java_thread_list=0x00007ffe47318f18, length=0, elements={
}

Java Threads: ( => current thread )

Other Threads:
  0x000001e2912fc480 GCTaskThread "GC Thread#0" [stack: 0x0000004d78700000,0x0000004d78800000] [id=10636]
  0x000001e29130dc20 ConcurrentGCThread "G1 Main Marker" [stack: 0x0000004d78800000,0x0000004d78900000] [id=28500]
  0x000001e29130ede0 ConcurrentGCThread "G1 Conc#0" [stack: 0x0000004d78900000,0x0000004d78a00000] [id=33464]

[error occurred during error reporting (printing all threads), id 0xc0000005, EXCEPTION_ACCESS_VIOLATION (0xc0000005) at pc=0x00007ffe46acf957]

VM state: not at safepoint (not fully initialized)

VM Mutex/Monitor currently owned by a thread:  ([mutex/lock_event])
[0x000001e29128bbf0] Heap_lock - owner thread: 0x000001e29128e5c0

Heap address: 0x0000000704800000, size: 4024 MB, Compressed Oops mode: Zero based, Oop shift amount: 3

CDS archive(s) mapped at: [0x0000000000000000-0x0000000000000000-0x0000000000000000), size 0, SharedBaseAddress: 0x0000000800000000, ArchiveRelocationMode: 1.
Narrow klass base: 0x0000000000000000, Narrow klass shift: 0, Narrow klass range: 0x0

GC Precious Log:
<Empty>

Heap:
 garbage-first heap   total 0K, used 0K [0x0000000704800000, 0x0000000800000000)
  region size 2048K, 0 young (0K), 0 survivors (0K)

[error occurred during error reporting (printing heap information), id 0xc0000005, EXCEPTION_ACCESS_VIOLATION (0xc0000005) at pc=0x00007ffe46eba2b9]

GC Heap History (0 events):
No events

Dll operation events (1 events):
Event: 0.021 Loaded shared library C:\Users\XuanQuang\.jdks\corretto-17.0.14\bin\java.dll

Deoptimization events (0 events):
No events

Classes loaded (0 events):
No events

Classes unloaded (0 events):
No events

Classes redefined (0 events):
No events

Internal exceptions (0 events):
No events

VM Operations (0 events):
No events

Memory protections (0 events):
No events

Nmethod flushes (0 events):
No events

Events (0 events):
No events


Dynamic libraries:
0x00007ff7decd0000 - 0x00007ff7decde000 	C:\Users\XuanQuang\.jdks\corretto-17.0.14\bin\java.exe
0x00007ffe661e0000 - 0x00007ffe66446000 	C:\WINDOWS\SYSTEM32\ntdll.dll
0x00007ffe65140000 - 0x00007ffe65209000 	C:\WINDOWS\System32\KERNEL32.DLL
0x00007ffe63790000 - 0x00007ffe63b8a000 	C:\WINDOWS\System32\KERNELBASE.dll
0x00007ffe63c40000 - 0x00007ffe63d8c000 	C:\WINDOWS\System32\ucrtbase.dll
0x00007ffe5a150000 - 0x00007ffe5a167000 	C:\Users\XuanQuang\.jdks\corretto-17.0.14\bin\jli.dll
0x00007ffe64f70000 - 0x00007ffe65137000 	C:\WINDOWS\System32\USER32.dll
0x00007ffe63760000 - 0x00007ffe63787000 	C:\WINDOWS\System32\win32u.dll
0x00007ffe654e0000 - 0x00007ffe6550b000 	C:\WINDOWS\System32\GDI32.dll
0x00007ffe63d90000 - 0x00007ffe63ebb000 	C:\WINDOWS\System32\gdi32full.dll
0x00007ffe63b90000 - 0x00007ffe63c33000 	C:\WINDOWS\System32\msvcp_win.dll
0x00007ffe5a130000 - 0x00007ffe5a14b000 	C:\Users\XuanQuang\.jdks\corretto-17.0.14\bin\VCRUNTIME140.dll
0x00007ffe3a8b0000 - 0x00007ffe3ab42000 	C:\WINDOWS\WinSxS\amd64_microsoft.windows.common-controls_6595b64144ccf1df_6.0.26100.8521_none_3e08b75ce33403b3\COMCTL32.dll
0x00007ffe653b0000 - 0x00007ffe65459000 	C:\WINDOWS\System32\msvcrt.dll
0x00007ffe63fd0000 - 0x00007ffe64002000 	C:\WINDOWS\System32\IMM32.DLL
0x00007ffe5fe50000 - 0x00007ffe5fe5c000 	C:\Users\XuanQuang\.jdks\corretto-17.0.14\bin\vcruntime140_1.dll
0x00007ffe4ec70000 - 0x00007ffe4ecfd000 	C:\Users\XuanQuang\.jdks\corretto-17.0.14\bin\msvcp140.dll
0x00007ffe467e0000 - 0x00007ffe4744c000 	C:\Users\XuanQuang\.jdks\corretto-17.0.14\bin\server\jvm.dll
0x00007ffe655d0000 - 0x00007ffe65686000 	C:\WINDOWS\System32\ADVAPI32.dll
0x00007ffe645e0000 - 0x00007ffe6468a000 	C:\WINDOWS\System32\sechost.dll
0x00007ffe65f70000 - 0x00007ffe66088000 	C:\WINDOWS\System32\RPCRT4.dll
0x00007ffe66090000 - 0x00007ffe66110000 	C:\WINDOWS\System32\WS2_32.dll
0x00007ffe632d0000 - 0x00007ffe6332e000 	C:\WINDOWS\SYSTEM32\POWRPROF.dll
0x00007ffe5a0c0000 - 0x00007ffe5a0f6000 	C:\WINDOWS\SYSTEM32\WINMM.dll
0x00007ffe4feb0000 - 0x00007ffe4febb000 	C:\WINDOWS\SYSTEM32\VERSION.dll
0x00007ffe632b0000 - 0x00007ffe632c4000 	C:\WINDOWS\SYSTEM32\UMPDC.dll
0x00007ffe621c0000 - 0x00007ffe621db000 	C:\WINDOWS\SYSTEM32\kernel.appcore.dll
0x00007ffe4ec60000 - 0x00007ffe4ec6a000 	C:\Users\XuanQuang\.jdks\corretto-17.0.14\bin\jimage.dll
0x00007ffe60280000 - 0x00007ffe604c2000 	C:\WINDOWS\SYSTEM32\DBGHELP.DLL
0x00007ffe65720000 - 0x00007ffe65aa3000 	C:\WINDOWS\System32\combase.dll
0x00007ffe644e0000 - 0x00007ffe645b9000 	C:\WINDOWS\System32\OLEAUT32.dll
0x00007ffe343e0000 - 0x00007ffe3441b000 	C:\WINDOWS\SYSTEM32\dbgcore.DLL
0x00007ffe636b0000 - 0x00007ffe63758000 	C:\WINDOWS\System32\bcryptPrimitives.dll
0x00007ffe4d3e0000 - 0x00007ffe4d3ee000 	C:\Users\XuanQuang\.jdks\corretto-17.0.14\bin\instrument.dll
0x00007ffe4d3b0000 - 0x00007ffe4d3d5000 	C:\Users\XuanQuang\.jdks\corretto-17.0.14\bin\java.dll

dbghelp: loaded successfully - version: 4.0.5 - missing functions: none
symbol engine: initialized successfully - sym options: 0x614 - pdb path: .;C:\Users\XuanQuang\.jdks\corretto-17.0.14\bin;C:\WINDOWS\SYSTEM32;C:\WINDOWS\WinSxS\amd64_microsoft.windows.common-controls_6595b64144ccf1df_6.0.26100.8521_none_3e08b75ce33403b3;C:\Users\XuanQuang\.jdks\corretto-17.0.14\bin\server

VM Arguments:
jvm_args: -XX:TieredStopAtLevel=1 -Dspring.output.ansi.enabled=always -Dcom.sun.management.jmxremote -Dspring.jmx.enabled=true -Dspring.liveBeansView.mbeanDomain -Dspring.application.admin.enabled=true -Dmanagement.endpoints.jmx.exposure.include=* -javaagent:C:\Program Files\JetBrains\IntelliJ IDEA 2024.3.3\lib\idea_rt.jar=55968:C:\Program Files\JetBrains\IntelliJ IDEA 2024.3.3\bin -Dfile.encoding=UTF-8 
java_command: com.example.loyaltyservice.LoyaltyServiceApplication
java_class_path (initial): D:\tech\my-project\Voucher-Loyalty-Microservices-System\loyalty-service\target\classes;D:\tech\my-project\Voucher-Loyalty-Microservices-System\common\target\classes;C:\Users\XuanQuang\.m2\repository\org\springframework\boot\spring-boot-starter-web\3.4.4\spring-boot-starter-web-3.4.4.jar;C:\Users\XuanQuang\.m2\repository\org\springframework\boot\spring-boot-starter-json\3.4.4\spring-boot-starter-json-3.4.4.jar;C:\Users\XuanQuang\.m2\repository\com\fasterxml\jackson\datatype\jackson-datatype-jdk8\2.18.3\jackson-datatype-jdk8-2.18.3.jar;C:\Users\XuanQuang\.m2\repository\com\fasterxml\jackson\module\jackson-module-parameter-names\2.18.3\jackson-module-parameter-names-2.18.3.jar;C:\Users\XuanQuang\.m2\repository\org\springframework\boot\spring-boot-starter-tomcat\3.4.4\spring-boot-starter-tomcat-3.4.4.jar;C:\Users\XuanQuang\.m2\repository\org\apache\tomcat\embed\tomcat-embed-core\10.1.39\tomcat-embed-core-10.1.39.jar;C:\Users\XuanQuang\.m2\repository\org\apache\tomcat\embed\tomcat-embed-el\10.1.39\tomcat-embed-el-10.1.39.jar;C:\Users\XuanQuang\.m2\repository\org\apache\tomcat\embed\tomcat-embed-websocket\10.1.39\tomcat-embed-websocket-10.1.39.jar;C:\Users\XuanQuang\.m2\repository\org\springframework\spring-web\6.2.5\spring-web-6.2.5.jar;C:\Users\XuanQuang\.m2\repository\org\springframework\spring-webmvc\6.2.5\spring-webmvc-6.2.5.jar;D:\tech\my-project\Voucher-Loyalty-Microservices-System\proto\target\classes;C:\Users\XuanQuang\.m2\repository\io\grpc\grpc-stub\1.63.0\grpc-stub-1.63.0.jar;C:\Users\XuanQuang\.m2\repository\com\google\guava\guava\32.1.3-android\guava-32.1.3-android.jar;C:\Users\XuanQuang\.m2\repository\com\google\guava\failureaccess\1.0.1\failureaccess-1.0.1.jar;C:\Users\XuanQuang\.m2\repository\com\google\guava\listenablefuture\9999.0-empty-to-avoid-conflict-with-guava\listenablefuture-9999.0-empty-to-avoid-conflict-with-guava.jar;C:\Users\XuanQuang\.m2\repository\com\google\errorprone\error_prone_annotations\2.23.0\error_prone_
Launcher Type: SUN_STANDARD

[Global flags]
     intx CICompilerCount                          = 4                                         {product} {ergonomic}
     uint ConcGCThreads                            = 2                                         {product} {ergonomic}
     uint G1ConcRefinementThreads                  = 8                                         {product} {ergonomic}
   size_t G1HeapRegionSize                         = 2097152                                   {product} {ergonomic}
    uintx GCDrainStackTargetSize                   = 64                                        {product} {ergonomic}
   size_t InitialHeapSize                          = 264241152                                 {product} {ergonomic}
     bool ManagementServer                         = true                                      {product} {command line}
   size_t MarkStackSize                            = 4194304                                   {product} {ergonomic}
   size_t MaxHeapSize                              = 4219469824                                {product} {ergonomic}
   size_t MinHeapDeltaBytes                        = 2097152                                   {product} {ergonomic}
   size_t MinHeapSize                              = 8388608                                   {product} {ergonomic}
    uintx NonProfiledCodeHeapSize                  = 0                                      {pd product} {ergonomic}
     bool ProfileInterpreter                       = false                                  {pd product} {command line}
    uintx ProfiledCodeHeapSize                     = 0                                      {pd product} {ergonomic}
   size_t SoftMaxHeapSize                          = 4219469824                             {manageable} {ergonomic}
     intx TieredStopAtLevel                        = 1                                         {product} {command line}
     bool UseCompressedClassPointers               = true                           {product lp64_product} {ergonomic}
     bool UseCompressedOops                        = true                           {product lp64_product} {ergonomic}
     bool UseG1GC                                  = true                                      {product} {ergonomic}
     bool UseLargePagesIndividualAllocation        = false                                  {pd product} {ergonomic}

Logging:
Log output configuration:
 #0: stdout all=warning uptime,level,tags
 #1: stderr all=off uptime,level,tags

Environment Variables:
JAVA_HOME=C:\Program Files\Eclipse Adoptium\jdk-21.0.1.12-hotspot\
PATH=C:\Program Files\Eclipse Adoptium\jdk-21.0.1.12-hotspot\bin;C:\WINDOWS\system32;C:\WINDOWS;C:\WINDOWS\System32\Wbem;C:\WINDOWS\System32\WindowsPowerShell\v1.0\;C:\WINDOWS\System32\OpenSSH\;C:\Program Files (x86)\Microsoft SQL Server\160\Tools\Binn\;C:\Program Files\Microsoft SQL Server\160\Tools\Binn\;C:\Program Files\Microsoft SQL Server\Client SDK\ODBC\170\Tools\Binn\;C:\Program Files\Microsoft SQL Server\160\DTS\Binn\;C:\Program Files\Azure Data Studio\bin;C:\Program Files\Git\cmd;C:\Program Files\nodejs\;C:\Users\XuanQuang\Downloads\apache-maven-3.9.9-bin\apache-maven-3.9.9\bin;C:\Program Files (x86)\Microsoft SQL Server\160\DTS\Binn\;C:\Program Files\Microsoft SQL Server\150\Tools\Binn\;C:\Program Files\Docker\Docker\resources\bin;C:\Program Files\MySQL\MySQL Shell 8.0\bin\;C:\Users\XuanQuang\AppData\Local\Microsoft\WindowsApps;C:\Program Files\Azure Data Studio\bin;C:\Users\XuanQuang\AppData\Local\Programs\Microsoft VS Code\bin;C:\Users\XuanQuang\AppData\Local\GitHubDesktop\bin;C:\Program Files\JetBrains\IntelliJ IDEA Community Edition 2024.2.0.1\bin;C:\Users\XuanQuang\AppData\Roaming\npm;C:\Program Files\JetBrains\PyCharm 2025.1.1\bin;C:\Users\XuanQuang\AppData\Local\Programs\Kiro\bin;C:\Users\XuanQuang\AppData\Local\JetBrains\Toolbox\scripts;
USERNAME=XuanQuang
OS=Windows_NT
PROCESSOR_IDENTIFIER=Intel64 Family 6 Model 140 Stepping 1, GenuineIntel
TMP=C:\Users\XUANQU~1\AppData\Local\Temp
TEMP=C:\Users\XUANQU~1\AppData\Local\Temp



Periodic native trim disabled


---------------  S Y S T E M  ---------------

OS:
 Windows 11 , 64 bit Build 26100 (10.0.26100.8521)
OS uptime: 0 days 8:48 hours
Hyper-V role detected

CPU: total 8 (initial active 8) (4 cores per cpu, 2 threads per core) family 6 model 140 stepping 1 microcode 0xbc, cx8, cmov, fxsr, ht, mmx, 3dnowpref, sse, sse2, sse3, ssse3, sse4.1, sse4.2, popcnt, lzcnt, tsc, tscinvbit, avx, avx2, aes, erms, clmul, bmi1, bmi2, adx, avx512f, avx512dq, avx512cd, avx512bw, avx512vl, sha, fma, vzeroupper, avx512_vpopcntdq, avx512_vpclmulqdq, avx512_vaes, avx512_vnni, clflush, clflushopt, clwb, avx512_vbmi2, avx512_vbmi, hv
Processor Information for all 8 processors :
  Max Mhz: 2995, Current Mhz: 1198, Mhz Limit: 1198

Memory: 4k page, system-wide physical 16091M (1320M free)
TotalPageFile size 44979M (AvailPageFile size 5M)
current process WorkingSet (physical memory assigned to process): 13M, peak: 13M
current process commit charge ("private bytes"): 312M, peak: 316M

vm_info: OpenJDK 64-Bit Server VM (17.0.14+7-LTS) for windows-amd64 JRE (17.0.14+7-LTS), built on Jan  7 2025 20:14:24 by "Administrator" with MS VC++ 16.10 / 16.11 (VS2019)

END.
